2026-04-02T06:18:40.214Z - [LOGIN] === LOGIN ATTEMPT: www.shaheerkhalid88601@gmail.com ===
2026-04-02T06:18:40.215Z - [LOGIN] Password length: 10
2026-04-02T06:18:46.207Z - [LOGIN] === LOGIN ATTEMPT: www.shaheerkhalid88601@gmail.com ===
2026-04-02T06:18:46.207Z - [LOGIN] Password length: 10
2026-04-02T06:19:12.426Z - [REGISTER] === REGISTER/VERIFY ATTEMPT: www.shaheerkhalid88601@gmail.com ===
2026-04-02T06:19:12.427Z - [REGISTER] Email length: 32
2026-04-02T06:19:12.427Z - [REGISTER] Password length: 10
2026-04-02T06:19:12.427Z - [REGISTER] Resend verification: false
2026-04-02T06:20:15.047Z - [LOGIN] === LOGIN ATTEMPT: www.shaheerkhalid88601@gmail.com ===
2026-04-02T06:20:15.050Z - [LOGIN] Password length: 0
2026-04-02T06:20:21.206Z - [LOGIN] === LOGIN ATTEMPT: www.shaheerkhalid88601@gmail.com ===
2026-04-02T06:20:21.206Z - [LOGIN] Password length: 10
2026-04-02T06:26:31.022Z - [LOGIN] === LOGIN ATTEMPT: www.shaheerkhalid88601@gmail.com ===
2026-04-02T06:26:31.023Z - [LOGIN] Password length: 10
2026-04-02T06:26:31.724Z - [LOGIN] Bcrypt match result: true
2026-04-04T04:56:19.231Z - [LOGIN] === LOGIN ATTEMPT: www.shaheerkhalid88601@gmail.com ===
2026-04-04T04:56:19.234Z - [LOGIN] Password length: 10
2026-04-04T04:56:22.868Z - [LOGIN] === LOGIN ATTEMPT: www.shaheerkhalid88601@gmail.com ===
2026-04-04T04:56:22.868Z - [LOGIN] Password length: 10
2026-04-04T04:56:37.344Z - [REGISTER] === REGISTER/VERIFY ATTEMPT: www.shaheerkhalid88601@gmail.com ===
2026-04-04T04:56:37.345Z - [REGISTER] Email length: 32
2026-04-04T04:56:37.345Z - [REGISTER] Password length: 10
2026-04-04T04:56:37.346Z - [REGISTER] Resend verification: false
2026-04-04T04:57:01.346Z - [LOGIN] === LOGIN ATTEMPT: www.shaheerkhalid88601@gmail.com ===
2026-04-04T04:57:01.346Z - [LOGIN] Password length: 0
2026-04-04T04:57:07.089Z - [LOGIN] === LOGIN ATTEMPT: www.shaheerkhalid88601@gmail.com ===
2026-04-04T04:57:07.090Z - [LOGIN] Password length: 10
2026-04-04T04:57:08.223Z - [LOGIN] Bcrypt match result: true
2026-04-04T05:03:46.177Z - [LOGIN] === LOGIN ATTEMPT: www.shaheerkhalid88601@gmail.com ===
2026-04-04T05:03:46.178Z - [LOGIN] Password length: 10
2026-04-04T05:03:47.293Z - [LOGIN] Bcrypt match result: true
2026-04-04T05:04:08.938Z - [LOGIN] === LOGIN ATTEMPT: www.shaheerkhalid88601@gmail.com ===
2026-04-04T05:04:08.939Z - [LOGIN] Password length: 10
2026-04-04T05:12:31.584Z - [LOGIN] === LOGIN ATTEMPT: www.shaheerkhalid88601@gmail.com ===
2026-04-04T05:12:31.585Z - [LOGIN] Password length: 10
2026-04-04T05:13:01.034Z - [REGISTER] === REGISTER/VERIFY ATTEMPT: www.shaheerkhalid88601@gmail.com ===
2026-04-04T05:13:01.035Z - [REGISTER] Email length: 32
2026-04-04T05:13:01.035Z - [REGISTER] Password length: 10
2026-04-04T05:13:01.035Z - [REGISTER] Resend verification: false
2026-04-04T05:13:08.769Z - [REGISTER] === REGISTER/VERIFY ATTEMPT: www.shaheerkhalid88601@gmail.com ===
2026-04-04T05:13:08.769Z - [REGISTER] Email length: 32
2026-04-04T05:13:08.770Z - [REGISTER] Password length: 10
2026-04-04T05:13:08.771Z - [REGISTER] Resend verification: false
2026-04-04T05:13:36.071Z - [LOGIN] === LOGIN ATTEMPT: www.shaheerkhalid88601@gmail.com ===
2026-04-04T05:13:36.071Z - [LOGIN] Password length: 0
2026-04-04T05:13:41.049Z - [LOGIN] === LOGIN ATTEMPT: www.shaheerkhalid88601@gmail.com ===
2026-04-04T05:13:41.049Z - [LOGIN] Password length: 10
2026-04-04T05:13:42.116Z - [LOGIN] Bcrypt match result: true
